<?xml version="1.0" encoding="UTF-8"?>
<!-- Generated by org.testng.reporters.JUnitXMLReporter -->
<testsuite ignored="0" hostname="Simge-MacBook-Air.local" failures="0" tests="3" name="RestAssured" time="3.939" errors="0" timestamp="2022-08-31T17:44:17 TRT">
  <testcase classname="APITests" name="createUserTest" time="3.511"/>
  <testcase classname="APITests" name="getStatusCode200BDD" time="0.248"/>
  <testcase classname="APITests" name="getStatusCode200" time="0.128"/>
</testsuite> <!-- RestAssured -->
