<?xml version="1.0" encoding="UTF-8"?>
<testng-results ignored="0" total="3" passed="3" failed="0" skipped="0">
  <reporter-output>
  </reporter-output>
  <suite started-at="2022-08-31T17:44:13 TRT" name="Default Suite" finished-at="2022-08-31T17:44:16 TRT" duration-ms="3939">
    <groups>
    </groups>
    <test started-at="2022-08-31T17:44:13 TRT" name="RestAssured" finished-at="2022-08-31T17:44:16 TRT" duration-ms="3939">
      <class name="APITests">
        <test-method signature="createUserTest()[pri:1, instance:APITests@376b4233]" started-at="2022-08-31T17:44:13 TRT" name="createUserTest" finished-at="2022-08-31T17:44:16 TRT" duration-ms="3511" status="PASS">
          <reporter-output>
          </reporter-output>
        </test-method> <!-- createUserTest -->
        <test-method signature="getStatusCode200BDD()[pri:2, instance:APITests@376b4233]" started-at="2022-08-31T17:44:16 TRT" name="getStatusCode200BDD" finished-at="2022-08-31T17:44:16 TRT" duration-ms="248" status="PASS">
          <reporter-output>
          </reporter-output>
        </test-method> <!-- getStatusCode200BDD -->
        <test-method signature="getStatusCode200()[pri:3, instance:APITests@376b4233]" started-at="2022-08-31T17:44:16 TRT" name="getStatusCode200" finished-at="2022-08-31T17:44:16 TRT" duration-ms="128" status="PASS">
          <reporter-output>
          </reporter-output>
        </test-method> <!-- getStatusCode200 -->
      </class> <!-- APITests -->
    </test> <!-- RestAssured -->
  </suite> <!-- Default Suite -->
</testng-results>
